<?xml version="1.0" encoding="UTF-8"?>
<!-- Generated by org.testng.reporters.JUnitReportReporter -->
<testsuite hostname="JHANASI-NQ03Z" name="Scripts.CreateProfile" tests="1" failures="0" timestamp="28 May 2018 09:32:02 GMT" time="187.054" errors="0">
  <testcase name="SelfManagedProfile" time="187.054" classname="Scripts.CreateProfile"/>
</testsuite> <!-- Scripts.CreateProfile -->
