<?xml version="1.0" encoding="UTF-8"?>
<!-- Generated by org.testng.reporters.JUnitReportReporter -->
<testsuite hostname="JHANASI-NQ03Z" name="Scripts.AccLogin" tests="1" failures="0" timestamp="2 May 2018 07:17:23 GMT" time="106.159" errors="0">
  <testcase name="LoginTest" time="106.159" classname="Scripts.AccLogin"/>
</testsuite> <!-- Scripts.AccLogin -->
