<?xml version="1.0" encoding="UTF-8"?>
<!-- Generated by org.testng.reporters.JUnitReportReporter -->
<testsuite hostname="JHANASI-NQ03Z" name="citeis.acc2.Automation.daw" tests="1" failures="0" timestamp="2 May 2018 09:51:21 GMT" time="15.014" errors="0">
  <testcase name="gmailLoginTest" time="15.014" classname="citeis.acc2.Automation.daw"/>
</testsuite> <!-- citeis.acc2.Automation.daw -->
